<?xml version="1.0" encoding="UTF-8"?>
<testsuite xmlns:xsi="http://www.w3.org/2001/XMLSchema-instance" xsi:noNamespaceSchemaLocation="https://maven.apache.org/surefire/maven-surefire-plugin/xsd/surefire-test-report-3.0.xsd" version="3.0" name="tn.esprit.spring.GestionStationSkiApplicationTests" time="4.282" tests="1" errors="0" skipped="0" failures="0">
  <properties>
[...]
</properties>
  <testcase name="contextLoads" classname="tn.esprit.spring.GestionStationSkiApplicationTests" time="0.175">
    <system-out><![CDATA[13:33:15.174 [main] DEBUG org.springframework.test.context.BootstrapUtils - Instantiating CacheAwareContextLoaderDelegate from class [org.springframework.test.context.cache.DefaultCacheAwareContextLoaderDelegate]
13:33:15.179 [main] DEBUG org.springframework.test.context.BootstrapUtils - Instantiating BootstrapContext using constructor [public org.springframework.test.context.support.DefaultBootstrapContext(java.lang.Class,org.springframework.test.context.CacheAwareContextLoaderDelegate)]
13:33:15.201 [main] DEBUG org.springframework.test.context.BootstrapUtils - Instantiating TestContextBootstrapper for test class [tn.esprit.spring.GestionStationSkiApplicationTests] from class [org.springframework.boot.test.context.SpringBootTestContextBootstrapper]
13:33:15.209 [main] INFO org.springframework.boot.test.context.SpringBootTestContextBootstrapper - Neither @ContextConfiguration nor @ContextHierarchy found for test class [tn.esprit.spring.GestionStationSkiApplicationTests], using SpringBootContextLoader
13:33:15.210 [main] DEBUG org.springframework.test.context.support.AbstractContextLoader - Did not detect default resource location for test class [tn.esprit.spring.GestionStationSkiApplicationTests]: class path resource [tn/esprit/spring/GestionStationSkiApplicationTests-context.xml] does not exist
13:33:15.210 [main] DEBUG org.springframework.test.context.support.AbstractContextLoader - Did not detect default resource location for test class [tn.esprit.spring.GestionStationSkiApplicationTests]: class path resource [tn/esprit/spring/GestionStationSkiApplicationTestsContext.groovy] does not exist
13:33:15.210 [main] INFO org.springframework.test.context.support.AbstractContextLoader - Could not detect default resource locations for test class [tn.esprit.spring.GestionStationSkiApplicationTests]: no resource found for suffixes {-context.xml, Context.groovy}.
13:33:15.211 [main] INFO org.springframework.test.context.support.AnnotationConfigContextLoaderUtils - Could not detect default configuration classes for test class [tn.esprit.spring.GestionStationSkiApplicationTests]: GestionStationSkiApplicationTests does not declare any static, non-private, non-final, nested classes annotated with @Configuration.
13:33:15.240 [main] DEBUG org.springframework.test.context.support.ActiveProfilesUtils - Could not find an 'annotation declaring class' for annotation type [org.springframework.test.context.ActiveProfiles] and class [tn.esprit.spring.GestionStationSkiApplicationTests]
13:33:15.273 [main] DEBUG org.springframework.context.annotation.ClassPathScanningCandidateComponentProvider - Identified candidate component class: file [C:\devops\5BI7_G5_Projet1\target\classes\tn\esprit\spring\GestionStationSkiApplication.class]
13:33:15.273 [main] INFO org.springframework.boot.test.context.SpringBootTestContextBootstrapper - Found @SpringBootConfiguration tn.esprit.spring.GestionStationSkiApplication for test class tn.esprit.spring.GestionStationSkiApplicationTests
13:33:15.321 [main] DEBUG org.springframework.boot.test.context.SpringBootTestContextBootstrapper - @TestExecutionListeners is not present for class [tn.esprit.spring.GestionStationSkiApplicationTests]: using defaults.
13:33:15.322 [main] INFO org.springframework.boot.test.context.SpringBootTestContextBootstrapper - Loaded default TestExecutionListener class names from location [META-INF/spring.factories]: [org.springframework.boot.test.mock.mockito.MockitoTestExecutionListener, org.springframework.boot.test.mock.mockito.ResetMocksTestExecutionListener, org.springframework.boot.test.autoconfigure.restdocs.RestDocsTestExecutionListener, org.springframework.boot.test.autoconfigure.web.client.MockRestServiceServerResetTestExecutionListener, org.springframework.boot.test.autoconfigure.web.servlet.MockMvcPrintOnlyOnFailureTestExecutionListener, org.springframework.boot.test.autoconfigure.web.servlet.WebDriverTestExecutionListener, org.springframework.boot.test.autoconfigure.webservices.client.MockWebServiceServerTestExecutionListener, org.springframework.test.context.web.ServletTestExecutionListener, org.springframework.test.context.support.DirtiesContextBeforeModesTestExecutionListener, org.springframework.test.context.event.ApplicationEventsTestExecutionListener, org.springframework.test.context.support.DependencyInjectionTestExecutionListener, org.springframework.test.context.support.DirtiesContextTestExecutionListener, org.springframework.test.context.transaction.TransactionalTestExecutionListener, org.springframework.test.context.jdbc.SqlScriptsTestExecutionListener, org.springframework.test.context.event.EventPublishingTestExecutionListener]
13:33:15.331 [main] INFO org.springframework.boot.test.context.SpringBootTestContextBootstrapper - Using TestExecutionListeners: [org.springframework.test.context.web.ServletTestExecutionListener@40db2a24, org.springframework.test.context.support.DirtiesContextBeforeModesTestExecutionListener@10cf09e8, org.springframework.test.context.event.ApplicationEventsTestExecutionListener@1921ad94, org.springframework.boot.test.mock.mockito.MockitoTestExecutionListener@ee86bcb, org.springframework.boot.test.autoconfigure.SpringBootDependencyInjectionTestExecutionListener@177bea38, org.springframework.test.context.support.DirtiesContextTestExecutionListener@7f132176, org.springframework.test.context.transaction.TransactionalTestExecutionListener@6bca7e0d, org.springframework.test.context.jdbc.SqlScriptsTestExecutionListener@2631f68c, org.springframework.test.context.event.EventPublishingTestExecutionListener@6ed3f258, org.springframework.boot.test.mock.mockito.ResetMocksTestExecutionListener@8ad6665, org.springframework.boot.test.autoconfigure.restdocs.RestDocsTestExecutionListener@30af5b6b, org.springframework.boot.test.autoconfigure.web.client.MockRestServiceServerResetTestExecutionListener@19835e64, org.springframework.boot.test.autoconfigure.web.servlet.MockMvcPrintOnlyOnFailureTestExecutionListener@68b32e3e, org.springframework.boot.test.autoconfigure.web.servlet.WebDriverTestExecutionListener@bcef303, org.springframework.boot.test.autoconfigure.webservices.client.MockWebServiceServerTestExecutionListener@41709512]
13:33:15.333 [main] DEBUG org.springframework.test.context.support.AbstractDirtiesContextTestExecutionListener - Before test class: context [DefaultTestContext@6c0d9d86 testClass = GestionStationSkiApplicationTests, testInstance = [null], testMethod = [null], testException = [null], mergedContextConfiguration = [WebMergedContextConfiguration@4ce1d6d0 testClass = GestionStationSkiApplicationTests, locations = '{}', classes = '{class tn.esprit.spring.GestionStationSkiApplication}', contextInitializerClasses = '[]', activeProfiles = '{}', propertySourceLocations = '{}', propertySourceProperties = '{org.springframework.boot.test.context.SpringBootTestContextBootstrapper=true}', contextCustomizers = set[org.springframework.boot.test.context.filter.ExcludeFilterContextCustomizer@2794eab6, org.springframework.boot.test.json.DuplicateJsonObjectContextCustomizerFactory$DuplicateJsonObjectContextCustomizer@13e344d, org.springframework.boot.test.mock.mockito.MockitoContextCustomizer@0, org.springframework.boot.test.web.client.TestRestTemplateContextCustomizer@740cae06, org.springframework.boot.test.autoconfigure.actuate.metrics.MetricsExportContextCustomizerFactory$DisableMetricExportContextCustomizer@6e6f2380, org.springframework.boot.test.autoconfigure.properties.PropertyMappingContextCustomizer@0, org.springframework.boot.test.autoconfigure.web.servlet.WebDriverContextCustomizerFactory$Customizer@235ecd9f, org.springframework.boot.test.context.SpringBootTestArgs@1, org.springframework.boot.test.context.SpringBootTestWebEnvironment@5c18298f], resourceBasePath = 'src/main/webapp', contextLoader = 'org.springframework.boot.test.context.SpringBootContextLoader', parent = [null]], attributes = map['org.springframework.test.context.web.ServletTestExecutionListener.activateListener' -> true]], class annotated with @DirtiesContext [false] with mode [null].

  .   ____          _            __ _ _
 /\\ / ___'_ __ _ _(_)_ __  __ _ \ \ \ \
( ( )\___ | '_ | '_| | '_ \/ _` | \ \ \ \
 \\/  ___)| |_)| | | | | || (_| |  ) ) ) )
  '  |____| .__|_| |_|_| |_\__, | / / / /
 =========|_|==============|___/=/_/_/_/
 :: Spring Boot ::                (v2.6.9)

=2023-10-28 13:33:15 -  INFO - t.e.spring.GestionStationSkiApplicationTests - Starting GestionStationSkiApplicationTests using Java 17.0.8 on DESKTOP-NUD9NEU with PID 15732 (started by MSI in C:\devops\5BI7_G5_Projet1) 
=2023-10-28 13:33:15 -  INFO - t.e.spring.GestionStationSkiApplicationTests - No active profile set, falling back to 1 default profile: "default" 
=2023-10-28 13:33:15 -  INFO - o.s.d.r.c.RepositoryConfigurationDelegate - Bootstrapping Spring Data JPA repositories in DEFAULT mode. 
=2023-10-28 13:33:16 -  INFO - o.s.d.r.c.RepositoryConfigurationDelegate - Finished Spring Data repository scanning in 55 ms. Found 6 JPA repository interfaces. 
=2023-10-28 13:33:16 -  INFO - org.hibernate.jpa.internal.util.LogHelper - HHH000204: Processing PersistenceUnitInfo [name: default] 
=2023-10-28 13:33:16 -  INFO - org.hibernate.Version - HHH000412: Hibernate ORM core version 5.6.9.Final 
=2023-10-28 13:33:16 -  INFO - org.hibernate.annotations.common.Version - HCANN000001: Hibernate Commons Annotations {5.1.2.Final} 
=2023-10-28 13:33:16 -  INFO - com.zaxxer.hikari.HikariDataSource - HikariPool-1 - Starting... 
=2023-10-28 13:33:16 -  INFO - com.zaxxer.hikari.HikariDataSource - HikariPool-1 - Start completed. 
=2023-10-28 13:33:16 -  INFO - org.hibernate.dialect.Dialect - HHH000400: Using dialect: org.hibernate.dialect.MySQL5InnoDBDialect 
=2023-10-28 13:33:17 -  INFO - o.h.e.t.j.p.internal.JtaPlatformInitiator - HHH000490: Using JtaPlatform implementation: [org.hibernate.engine.transaction.jta.platform.internal.NoJtaPlatform] 
=2023-10-28 13:33:17 -  INFO - o.s.o.j.LocalContainerEntityManagerFactoryBean - Initialized JPA EntityManagerFactory for persistence unit 'default' 
=2023-10-28 13:33:18 -  WARN - o.s.b.a.o.j.JpaBaseConfiguration$JpaWebConfiguration - spring.jpa.open-in-view is enabled by default. Therefore, database queries may be performed during view rendering. Explicitly configure spring.jpa.open-in-view to disable this warning 
=2023-10-28 13:33:19 -  INFO - t.e.spring.GestionStationSkiApplicationTests - Started GestionStationSkiApplicationTests in 3.867 seconds (JVM running for 4.396) 
]]></system-out>
  </testcase>
</testsuite>